2022-07-21 11:39:12.730  INFO 16625 --- [main] com.demo.client2.Client2Application      : Starting Client2Application using Java 17.0.3 on Macintosh.local with PID 16625 (/Users/artmac/Desktop/project/SpringBootAdminExam/ex1/client2/target/classes started by artmac in /Users/artmac/Desktop/project/SpringBootAdminExam/ex1/client2)
2022-07-21 11:39:12.731  INFO 16625 --- [main] com.demo.client2.Client2Application      : No active profile set, falling back to 1 default profile: "default"
2022-07-21 11:39:13.161  INFO 16625 --- [main] o.s.b.w.embedded.tomcat.TomcatWebServer  : Tomcat initialized with port(s): 5200 (http)
2022-07-21 11:39:13.166  INFO 16625 --- [main] o.apache.catalina.core.StandardService   : Starting service [Tomcat]
2022-07-21 11:39:13.166  INFO 16625 --- [main] org.apache.catalina.core.StandardEngine  : Starting Servlet engine: [Apache Tomcat/9.0.64]
2022-07-21 11:39:13.201  INFO 16625 --- [main] o.a.c.c.C.[Tomcat].[localhost].[/]       : Initializing Spring embedded WebApplicationContext
2022-07-21 11:39:13.201  INFO 16625 --- [main] w.s.c.ServletWebServerApplicationContext : Root WebApplicationContext: initialization completed in 451 ms
2022-07-21 11:39:13.420  INFO 16625 --- [main] o.s.b.a.e.web.EndpointLinksResolver      : Exposing 1 endpoint(s) beneath base path '/actuator'
2022-07-21 11:39:13.438  INFO 16625 --- [main] o.s.b.w.embedded.tomcat.TomcatWebServer  : Tomcat started on port(s): 5200 (http) with context path ''
2022-07-21 11:39:13.446  INFO 16625 --- [main] com.demo.client2.Client2Application      : Started Client2Application in 1.051 seconds (JVM running for 1.293)
2022-07-21 11:39:13.504  INFO 16625 --- [registrationTask1] d.c.b.a.c.r.ApplicationRegistrator       : Application registered itself as 96776724c28a
2022-07-21 11:39:57.269  INFO 16649 --- [main] com.demo.client2.Client2Application      : Starting Client2Application using Java 17.0.3 on Macintosh.local with PID 16649 (/Users/artmac/Desktop/project/SpringBootAdminExam/ex1/client2/target/classes started by artmac in /Users/artmac/Desktop/project/SpringBootAdminExam/ex1/client2)
2022-07-21 11:39:57.271  INFO 16649 --- [main] com.demo.client2.Client2Application      : No active profile set, falling back to 1 default profile: "default"
2022-07-21 11:39:57.718  INFO 16649 --- [main] o.s.b.w.embedded.tomcat.TomcatWebServer  : Tomcat initialized with port(s): 5200 (http)
2022-07-21 11:39:57.723  INFO 16649 --- [main] o.apache.catalina.core.StandardService   : Starting service [Tomcat]
2022-07-21 11:39:57.723  INFO 16649 --- [main] org.apache.catalina.core.StandardEngine  : Starting Servlet engine: [Apache Tomcat/9.0.64]
2022-07-21 11:39:57.765  INFO 16649 --- [main] o.a.c.c.C.[Tomcat].[localhost].[/]       : Initializing Spring embedded WebApplicationContext
2022-07-21 11:39:57.765  INFO 16649 --- [main] w.s.c.ServletWebServerApplicationContext : Root WebApplicationContext: initialization completed in 463 ms
2022-07-21 11:39:57.985  INFO 16649 --- [main] o.s.b.a.e.web.EndpointLinksResolver      : Exposing 1 endpoint(s) beneath base path '/actuator'
2022-07-21 11:39:58.005  INFO 16649 --- [main] o.s.b.w.embedded.tomcat.TomcatWebServer  : Tomcat started on port(s): 5200 (http) with context path ''
2022-07-21 11:39:58.012  INFO 16649 --- [main] com.demo.client2.Client2Application      : Started Client2Application in 0.933 seconds (JVM running for 1.094)
2022-07-21 11:39:58.086  INFO 16649 --- [registrationTask1] d.c.b.a.c.r.ApplicationRegistrator       : Application registered itself as 20d1dc816161
2022-07-21 11:39:58.094  INFO 16649 --- [http-nio-5200-exec-1] o.a.c.c.C.[Tomcat].[localhost].[/]       : Initializing Spring DispatcherServlet 'dispatcherServlet'
2022-07-21 11:39:58.094  INFO 16649 --- [http-nio-5200-exec-1] o.s.web.servlet.DispatcherServlet        : Initializing Servlet 'dispatcherServlet'
2022-07-21 11:39:58.095  INFO 16649 --- [http-nio-5200-exec-1] o.s.web.servlet.DispatcherServlet        : Completed initialization in 1 ms
